2026-05-04T09:26:37.335Z INFO Is remote: false
2026-05-04T09:26:37.336Z INFO Starting Local. Installation path: c:\machine
2026-05-04T09:26:37.336Z INFO [MainProvider] Creating new MainProvider instance...
2026-05-04T09:26:37.337Z INFO [TabsManager] Code view listener set up at initialization
2026-05-04T09:26:37.364Z INFO Installation path exists: c:\machine
2026-05-04T09:26:37.364Z INFO Initializing database with URL: file:c:\machine\pythagora-core\data\database\pythagora.db
2026-05-04T09:26:37.380Z INFO Database file exists, skipping prisma generate/push for faster startup
2026-05-04T09:26:37.380Z INFO Database initialized successfully
2026-05-04T09:26:37.382Z INFO [Migration] Checking for database migration...
2026-05-04T09:26:37.888Z INFO [Migration] No migration needed
2026-05-04T09:27:01.425Z INFO Closing entire Pythagora extension...
2026-05-04T09:27:01.487Z ERROR Error closing extension
Error: Canceled
Stack: Canceled: Canceled
	at new sx (file:///c:/Users/L5SWD/AppData/Local/Programs/Microsoft%20VS%20Code/034f571df5/resources/app/out/vs/workbench/api/node/extensionHostProcess.js:407:151020)
	at i._remoteCall (file:///c:/Users/L5SWD/AppData/Local/Programs/Microsoft%20VS%20Code/034f571df5/resources/app/out/vs/workbench/api/node/extensionHostProcess.js:407:157072)
	at r.<computed>.s.charCodeAt.r.<computed> (file:///c:/Users/L5SWD/AppData/Local/Programs/Microsoft%20VS%20Code/034f571df5/resources/app/out/vs/workbench/api/node/extensionHostProcess.js:407:153867)
	at Pg._doExecuteCommand (file:///c:/Users/L5SWD/AppData/Local/Programs/Microsoft%20VS%20Code/034f571df5/resources/app/out/vs/workbench/api/node/extensionHostProcess.js:503:48120)
	at Pg.executeCommand (file:///c:/Users/L5SWD/AppData/Local/Programs/Microsoft%20VS%20Code/034f571df5/resources/app/out/vs/workbench/api/node/extensionHostProcess.js:503:47567)
	at Object.executeCommand (file:///c:/Users/L5SWD/AppData/Local/Programs/Microsoft%20VS%20Code/034f571df5/resources/app/out/vs/workbench/api/node/extensionHostProcess.js:642:136084)
	at closeEntirePythagoraExtension (c:\Users\L5SWD\.vscode\extensions\pythagoratechnologies.pythagora-vs-code-2.6.19\out\extension.js:542:31)
	at Object.deactivate (c:\Users\L5SWD\.vscode\extensions\pythagoratechnologies.pythagora-vs-code-2.6.19\out\extension.js:409:15)
	at wP._deactivate (file:///c:/Users/L5SWD/AppData/Local/Programs/Microsoft%20VS%20Code/034f571df5/resources/app/out/vs/workbench/api/node/extensionHostProcess.js:507:14483)
	at file:///c:/Users/L5SWD/AppData/Local/Programs/Microsoft%20VS%20Code/034f571df5/resources/app/out/vs/workbench/api/node/extensionHostProcess.js:507:12010
	at Array.map (<anonymous>)
	at wP._deactivateAll (file:///c:/Users/L5SWD/AppData/Local/Programs/Microsoft%20VS%20Code/034f571df5/resources/app/out/vs/workbench/api/node/extensionHostProcess.js:507:11998)
	at wP.terminate (file:///c:/Users/L5SWD/AppData/Local/Programs/Microsoft%20VS%20Code/034f571df5/resources/app/out/vs/workbench/api/node/extensionHostProcess.js:507:12349)
	at i.terminate (file:///c:/Users/L5SWD/AppData/Local/Programs/Microsoft%20VS%20Code/034f571df5/resources/app/out/vs/workbench/api/node/extensionHostProcess.js:509:1072)
	at Gs (file:///c:/Users/L5SWD/AppData/Local/Programs/Microsoft%20VS%20Code/034f571df5/resources/app/out/vs/workbench/api/node/extensionHostProcess.js:834:11700)
	at pp.value (file:///c:/Users/L5SWD/AppData/Local/Programs/Microsoft%20VS%20Code/034f571df5/resources/app/out/vs/workbench/api/node/extensionHostProcess.js:834:9847)
	at T._deliver (file:///c:/Users/L5SWD/AppData/Local/Programs/Microsoft%20VS%20Code/034f571df5/resources/app/out/vs/workbench/api/node/extensionHostProcess.js:403:3244)
	at T.fire (file:///c:/Users/L5SWD/AppData/Local/Programs/Microsoft%20VS%20Code/034f571df5/resources/app/out/vs/workbench/api/node/extensionHostProcess.js:403:3562)
	at ls.fire (file:///c:/Users/L5SWD/AppData/Local/Programs/Microsoft%20VS%20Code/034f571df5/resources/app/out/vs/workbench/api/node/extensionHostProcess.js:405:8437)
	at MessagePortMain.<anonymous> (file:///c:/Users/L5SWD/AppData/Local/Programs/Microsoft%20VS%20Code/034f571df5/resources/app/out/vs/workbench/api/node/extensionHostProcess.js:834:8082)
	at MessagePortMain.emit (node:events:519:28)
	at MessagePortMain.emit (node:domain:489:12)
	at MessagePortMain._internalPort.emit (node:electron/js2c/utility_init:2:2959)
Extra context: {
  "message": "Canceled"
}
